\BOOKMARK [0][-]{chapter.1}{Discrete-time Signals and Systems}{}% 1
\BOOKMARK [1][-]{section.1.1}{Discrete-time \(DT\) signals}{chapter.1}% 2
\BOOKMARK [2][-]{subsection.1.1.1}{Basic sequences and sequence operations}{section.1.1}% 3
\BOOKMARK [1][-]{section.1.2}{Discrete-time \(DT\) systems}{chapter.1}% 4
\BOOKMARK [2][-]{subsection.1.2.1}{Memoryless systems:}{section.1.2}% 5
\BOOKMARK [2][-]{subsection.1.2.2}{Linear systems:}{section.1.2}% 6
\BOOKMARK [2][-]{subsection.1.2.3}{Time-invariant systems:}{section.1.2}% 7
\BOOKMARK [2][-]{subsection.1.2.4}{Causality:}{section.1.2}% 8
\BOOKMARK [2][-]{subsection.1.2.5}{Stability:}{section.1.2}% 9
\BOOKMARK [1][-]{section.1.3}{Linear time-invariant \(LTI\) systems}{chapter.1}% 10
\BOOKMARK [2][-]{subsection.1.3.1}{Computation of convolution sum:}{section.1.3}% 11
\BOOKMARK [1][-]{section.1.4}{Properties of convolution and LTI systems}{chapter.1}% 12
\BOOKMARK [2][-]{subsection.1.4.1}{Properties of convolution}{section.1.4}% 13
\BOOKMARK [2][-]{subsection.1.4.2}{Properties of LTI systems}{section.1.4}% 14
\BOOKMARK [2][-]{subsection.1.4.3}{FIR and IIR systems}{section.1.4}% 15
\BOOKMARK [1][-]{section.1.5}{Linear constant-coefficient difference equations \(LCCDE\)}{chapter.1}% 16
\BOOKMARK [1][-]{section.1.6}{Frequency domain representation of DT signals and systems}{chapter.1}% 17
\BOOKMARK [1][-]{section.1.7}{Representation of sequences by Fourier transforms}{chapter.1}% 18
\BOOKMARK [1][-]{section.1.8}{Symmetry properties of DT Fourier transforms}{chapter.1}% 19
\BOOKMARK [1][-]{section.1.9}{DT Fourier transform theorems}{chapter.1}% 20
\BOOKMARK [1][-]{section.1.10}{Computing Linear Convolution using DFT}{chapter.1}% 21
\BOOKMARK [2][-]{subsection.1.10.1}{Linear Convolution of Two Finite Length Sequences}{section.1.10}% 22
\BOOKMARK [2][-]{subsection.1.10.2}{Circular Convolution as Linear Convolution with Aliasing}{section.1.10}% 23
